nohup: ignoring input
2021-05-07 05:55:27,014   INFO  **********************Start logging**********************
2021-05-07 05:55:27,015   INFO  CUDA_VISIBLE_DEVICES=1
2021-05-07 05:55:27,015   INFO  cfg_file         cfgs/kitti_models/3DSSD_DetTrack_openPCDet.yaml
2021-05-07 05:55:27,015   INFO  batch_size       4
2021-05-07 05:55:27,015   INFO  epochs           100
2021-05-07 05:55:27,015   INFO  workers          16
2021-05-07 05:55:27,015   INFO  extra_tag        3DSSD
2021-05-07 05:55:27,015   INFO  ckpt             None
2021-05-07 05:55:27,015   INFO  pretrained_model None
2021-05-07 05:55:27,015   INFO  launcher         none
2021-05-07 05:55:27,015   INFO  tcp_port         18888
2021-05-07 05:55:27,015   INFO  sync_bn          False
2021-05-07 05:55:27,015   INFO  fix_random_seed  False
2021-05-07 05:55:27,015   INFO  ckpt_save_interval 1
2021-05-07 05:55:27,015   INFO  local_rank       0
2021-05-07 05:55:27,015   INFO  max_ckpt_save_num 5
2021-05-07 05:55:27,015   INFO  merge_all_iters_to_one_epoch False
2021-05-07 05:55:27,015   INFO  set_cfgs         None
2021-05-07 05:55:27,015   INFO  max_waiting_mins 0
2021-05-07 05:55:27,015   INFO  start_epoch      0
2021-05-07 05:55:27,015   INFO  save_to_file     False
2021-05-07 05:55:27,015   INFO  cfg.ROOT_DIR: /data/SSDT
2021-05-07 05:55:27,015   INFO  cfg.LOCAL_RANK: 0
2021-05-07 05:55:27,016   INFO  cfg.CLASS_NAMES: ['Car', 'Pedestrian', 'Cyclist']
2021-05-07 05:55:27,016   INFO  
cfg.DATA_CONFIG = edict()
2021-05-07 05:55:27,016   INFO  cfg.DATA_CONFIG.DATASET: KittiTracking
2021-05-07 05:55:27,016   INFO  cfg.DATA_CONFIG.DATA_PATH: /dataset/kitti_tracking
2021-05-07 05:55:27,016   INFO  cfg.DATA_CONFIG.ONLY_DET: False
2021-05-07 05:55:27,016   INFO  cfg.DATA_CONFIG.POINT_CLOUD_RANGE: [0, -40, -3, 70.4, 40, 1]
2021-05-07 05:55:27,016   INFO  
cfg.DATA_CONFIG.DATA_SPLIT = edict()
2021-05-07 05:55:27,016   INFO  cfg.DATA_CONFIG.DATA_SPLIT.train: train
2021-05-07 05:55:27,016   INFO  cfg.DATA_CONFIG.DATA_SPLIT.test: val
2021-05-07 05:55:27,016   INFO  
cfg.DATA_CONFIG.INFO_PATH = edict()
2021-05-07 05:55:27,016   INFO  cfg.DATA_CONFIG.INFO_PATH.train: ['kitti_infos_train.pkl']
2021-05-07 05:55:27,016   INFO  cfg.DATA_CONFIG.INFO_PATH.test: ['kitti_infos_val.pkl']
2021-05-07 05:55:27,016   INFO  cfg.DATA_CONFIG.FOV_POINTS_ONLY: False
2021-05-07 05:55:27,016   INFO  
cfg.DATA_CONFIG.DATA_AUGMENTOR = edict()
2021-05-07 05:55:27,016   INFO  cfg.DATA_CONFIG.DATA_AUGMENTOR.DISABLE_AUG_LIST: ['placeholder']
2021-05-07 05:55:27,016   INFO  cfg.DATA_CONFIG.DATA_AUGMENTOR.AUG_CONFIG_LIST: [{'NAME': 'random_world_flip', 'ALONG_AXIS_LIST': ['x']}, {'NAME': 'random_world_rotation', 'WORLD_ROT_ANGLE': [-0.78539816, 0.78539816]}, {'NAME': 'random_world_scaling', 'WORLD_SCALE_RANGE': [0.95, 1.05]}, {'NAME': 'boxes_dis', 'DIS_AUG_PROB': 0.5, 'MAX_DIS': 0.5}, {'NAME': 'boxes_rot', 'ROT_AUG_PROB': 0.5, 'MAX_ANGLE': 36}]
2021-05-07 05:55:27,016   INFO  
cfg.DATA_CONFIG.POINT_FEATURE_ENCODING = edict()
2021-05-07 05:55:27,016   INFO  cfg.DATA_CONFIG.POINT_FEATURE_ENCODING.encoding_type: absolute_coordinates_encoding
2021-05-07 05:55:27,016   INFO  cfg.DATA_CONFIG.POINT_FEATURE_ENCODING.used_feature_list: ['x', 'y', 'z', 'intensity']
2021-05-07 05:55:27,016   INFO  cfg.DATA_CONFIG.POINT_FEATURE_ENCODING.src_feature_list: ['x', 'y', 'z', 'intensity']
2021-05-07 05:55:27,016   INFO  cfg.DATA_CONFIG.DATA_PROCESSOR: [{'NAME': 'mask_points_and_boxes_outside_range', 'REMOVE_OUTSIDE_BOXES': True}, {'NAME': 'sample_points', 'NUM_POINTS': {'train': 16384, 'test': 16384}}, {'NAME': 'shuffle_points', 'SHUFFLE_ENABLED': {'train': True, 'test': False}}]
2021-05-07 05:55:27,016   INFO  cfg.DATA_CONFIG._BASE_CONFIG_: cfgs/dataset_configs/kitti_tracking_dataset.yaml
2021-05-07 05:55:27,016   INFO  
cfg.MODEL = edict()
2021-05-07 05:55:27,016   INFO  cfg.MODEL.NAME: multi_scale_3DSSDT
2021-05-07 05:55:27,016   INFO  
cfg.MODEL.BACKBONE_3D = edict()
2021-05-07 05:55:27,017   INFO  cfg.MODEL.BACKBONE_3D.NAME: MultiScaleSSDBackbone
2021-05-07 05:55:27,017   INFO  
cfg.MODEL.BACKBONE_3D.SA_CONFIG = edict()
2021-05-07 05:55:27,017   INFO  cfg.MODEL.BACKBONE_3D.SA_CONFIG.NPOINTS: [[4096], [512], [256, 256], [256, 0], [-1], [256]]
2021-05-07 05:55:27,017   INFO  cfg.MODEL.BACKBONE_3D.SA_CONFIG.RADIUS: [[0.2, 0.4, 0.8], [0.4, 0.8, 1.6], [1.6, 3.2, 4.8], [], [], [4.8, 6.4]]
2021-05-07 05:55:27,017   INFO  cfg.MODEL.BACKBONE_3D.SA_CONFIG.NSAMPLE: [[32, 32, 64], [32, 32, 64], [32, 32, 32], [], [], [16, 32]]
2021-05-07 05:55:27,017   INFO  cfg.MODEL.BACKBONE_3D.SA_CONFIG.MLPS: [[[16, 16, 32], [16, 16, 32], [32, 32, 64]], [[64, 64, 128], [64, 64, 128], [64, 96, 128]], [[128, 128, 256], [128, 192, 256], [128, 256, 256]], [], [128], [[256, 256, 512], [256, 512, 1024]]]
2021-05-07 05:55:27,017   INFO  cfg.MODEL.BACKBONE_3D.SA_CONFIG.FPS_TYPE: [['D-FPS'], ['FS'], ['F-FPS', 'D-FPS'], ['F-FPS', 'D-FPS'], [], ['D-FPS']]
2021-05-07 05:55:27,017   INFO  cfg.MODEL.BACKBONE_3D.SA_CONFIG.FPS_RANGE: [[-1], [-1], [512, -1], [256, -1], [-1], [-1]]
2021-05-07 05:55:27,017   INFO  cfg.MODEL.BACKBONE_3D.SA_CONFIG.LAYER_TYPE: ['SA_Layer', 'SA_Layer', 'SA_Layer', 'SA_Layer', 'Vote_Layer', 'SA_Layer']
2021-05-07 05:55:27,017   INFO  cfg.MODEL.BACKBONE_3D.SA_CONFIG.LAYER_NAME: ['layer1', 'layer2', 'layer3', 'vote', 'vote', 'layer4']
2021-05-07 05:55:27,017   INFO  cfg.MODEL.BACKBONE_3D.SA_CONFIG.DILATED_GROUP: [True, True, True, False, False, False]
2021-05-07 05:55:27,017   INFO  cfg.MODEL.BACKBONE_3D.SA_CONFIG.CTR_INDEX: [-1, -1, -1, -1, -1, 5]
2021-05-07 05:55:27,017   INFO  cfg.MODEL.BACKBONE_3D.SA_CONFIG.AGGREATION_CHANNEL: [64, 128, 256, 256, -1, 512]
2021-05-07 05:55:27,017   INFO  cfg.MODEL.BACKBONE_3D.SA_CONFIG.LAYER_INPUT: [0, 1, 2, 3, 4, 3]
2021-05-07 05:55:27,017   INFO  cfg.MODEL.BACKBONE_3D.SA_CONFIG.MAX_TRANSLATE_RANGE: [-3.0, -2.0, -3.0]
2021-05-07 05:55:27,017   INFO  cfg.MODEL.BACKBONE_3D.FP_MLPS: [[128, 128], [256, 256], [512, 512], [512, 512]]
2021-05-07 05:55:27,017   INFO  
cfg.MODEL.POINT_HEAD = edict()
2021-05-07 05:55:27,017   INFO  cfg.MODEL.POINT_HEAD.NAME: PointHeadMultiScaleBox3DSSD
2021-05-07 05:55:27,017   INFO  cfg.MODEL.POINT_HEAD.CLS_FC: [[4], [32], [64], [128], [128], [], [256, 256]]
2021-05-07 05:55:27,017   INFO  cfg.MODEL.POINT_HEAD.REG_FC: [[4], [32], [64], [128], [128], [], [256, 256]]
2021-05-07 05:55:27,017   INFO  cfg.MODEL.POINT_HEAD.CLASS_AGNOSTIC: False
2021-05-07 05:55:27,017   INFO  cfg.MODEL.POINT_HEAD.USE_POINT_FEATURES_BEFORE_FUSION: False
2021-05-07 05:55:27,017   INFO  
cfg.MODEL.POINT_HEAD.TARGET_CONFIG = edict()
2021-05-07 05:55:27,017   INFO  cfg.MODEL.POINT_HEAD.TARGET_CONFIG.GT_EXTRA_WIDTH: [0.2, 0.2, 0.2]
2021-05-07 05:55:27,018   INFO  cfg.MODEL.POINT_HEAD.TARGET_CONFIG.BOX_CODER: PointResidual_BinOri_Coder
2021-05-07 05:55:27,018   INFO  
cfg.MODEL.POINT_HEAD.TARGET_CONFIG.BOX_CODER_CONFIG = edict()
2021-05-07 05:55:27,018   INFO  cfg.MODEL.POINT_HEAD.TARGET_CONFIG.BOX_CODER_CONFIG.use_mean_size: True
2021-05-07 05:55:27,018   INFO  cfg.MODEL.POINT_HEAD.TARGET_CONFIG.BOX_CODER_CONFIG.mean_size: [[3.9, 1.6, 1.56], [0.8, 0.6, 1.73], [1.76, 0.6, 1.73]]
2021-05-07 05:55:27,018   INFO  
cfg.MODEL.POINT_HEAD.LOSS_CONFIG = edict()
2021-05-07 05:55:27,018   INFO  cfg.MODEL.POINT_HEAD.LOSS_CONFIG.LOSS_REG: WeightedSmoothL1Loss
2021-05-07 05:55:27,018   INFO  cfg.MODEL.POINT_HEAD.LOSS_CONFIG.CORNER_LOSS_REGULARIZATION: True
2021-05-07 05:55:27,018   INFO  cfg.MODEL.POINT_HEAD.LOSS_CONFIG.CENTERNESS_REGULARIZATION: True
2021-05-07 05:55:27,018   INFO  
cfg.MODEL.POINT_HEAD.LOSS_CONFIG.LOSS_WEIGHTS = edict()
2021-05-07 05:55:27,018   INFO  cfg.MODEL.POINT_HEAD.LOSS_CONFIG.LOSS_WEIGHTS.multi_scale_cls_weight: [0.01, 0.02, 0.04, 0.08, 0.16, 0.64]
2021-05-07 05:55:27,018   INFO  cfg.MODEL.POINT_HEAD.LOSS_CONFIG.LOSS_WEIGHTS.point_cls_weight: 1.0
2021-05-07 05:55:27,018   INFO  cfg.MODEL.POINT_HEAD.LOSS_CONFIG.LOSS_WEIGHTS.multi_scale_box_weight: [0.01, 0.02, 0.04, 0.08, 0.16, 0.64]
2021-05-07 05:55:27,018   INFO  cfg.MODEL.POINT_HEAD.LOSS_CONFIG.LOSS_WEIGHTS.point_box_weight: 1.0
2021-05-07 05:55:27,018   INFO  cfg.MODEL.POINT_HEAD.LOSS_CONFIG.LOSS_WEIGHTS.multi_scale_corner_weight: [0.01, 0.02, 0.04, 0.08, 0.16, 0.64]
2021-05-07 05:55:27,018   INFO  cfg.MODEL.POINT_HEAD.LOSS_CONFIG.LOSS_WEIGHTS.corner_weight: 1.0
2021-05-07 05:55:27,018   INFO  cfg.MODEL.POINT_HEAD.LOSS_CONFIG.LOSS_WEIGHTS.code_weights: [1.0, 1.0, 1.0, 1.0, 1.0, 1.0]
2021-05-07 05:55:27,018   INFO  
cfg.MODEL.SCENEFLOW_HEAD = edict()
2021-05-07 05:55:27,018   INFO  cfg.MODEL.SCENEFLOW_HEAD.NAME: PWCPointHead
2021-05-07 05:55:27,018   INFO  cfg.MODEL.SCENEFLOW_HEAD.USE_DET_FEATURE: False
2021-05-07 05:55:27,018   INFO  cfg.MODEL.SCENEFLOW_HEAD.USE_BN: False
2021-05-07 05:55:27,018   INFO  cfg.MODEL.SCENEFLOW_HEAD.USE_LEAKY: True
2021-05-07 05:55:27,018   INFO  
cfg.MODEL.SCENEFLOW_HEAD.COST = edict()
2021-05-07 05:55:27,018   INFO  cfg.MODEL.SCENEFLOW_HEAD.COST.NSAMPLE: 32
2021-05-07 05:55:27,018   INFO  cfg.MODEL.SCENEFLOW_HEAD.COST.MLP: [[16, 16], [32, 32], [64, 64], [128, 128], [256, 256], [-1], [256, 256]]
2021-05-07 05:55:27,018   INFO  
cfg.MODEL.SCENEFLOW_HEAD.FLOW = edict()
2021-05-07 05:55:27,019   INFO  cfg.MODEL.SCENEFLOW_HEAD.FLOW.CHANNELS: [[128, 128], [128, 128], [128, 128], [128, 128], [128, 128], [-1], [128, 128]]
2021-05-07 05:55:27,019   INFO  cfg.MODEL.SCENEFLOW_HEAD.FLOW.MLP: [[128, 64], [128, 64], [128, 64], [128, 64], [128, 64], [-1], [128, 64]]
2021-05-07 05:55:27,019   INFO  
cfg.MODEL.SCENEFLOW_HEAD.LOSS = edict()
2021-05-07 05:55:27,019   INFO  cfg.MODEL.SCENEFLOW_HEAD.LOSS.MULTI_LAVEL_WEIGHT: [0.01, 0.02, 0.04, 0.08, 0.16, 0.64]
2021-05-07 05:55:27,019   INFO  
cfg.MODEL.POST_PROCESSING = edict()
2021-05-07 05:55:27,019   INFO  cfg.MODEL.POST_PROCESSING.RECALL_THRESH_LIST: [0.3, 0.5, 0.7]
2021-05-07 05:55:27,019   INFO  cfg.MODEL.POST_PROCESSING.SCORE_THRESH: 0.1
2021-05-07 05:55:27,019   INFO  cfg.MODEL.POST_PROCESSING.OUTPUT_RAW_SCORE: False
2021-05-07 05:55:27,019   INFO  cfg.MODEL.POST_PROCESSING.EVAL_METRIC: kitti
2021-05-07 05:55:27,019   INFO  
cfg.MODEL.POST_PROCESSING.NMS_CONFIG = edict()
2021-05-07 05:55:27,019   INFO  cfg.MODEL.POST_PROCESSING.NMS_CONFIG.MULTI_CLASSES_NMS: False
2021-05-07 05:55:27,019   INFO  cfg.MODEL.POST_PROCESSING.NMS_CONFIG.NMS_TYPE: nms_gpu
2021-05-07 05:55:27,019   INFO  cfg.MODEL.POST_PROCESSING.NMS_CONFIG.NMS_THRESH: 0.1
2021-05-07 05:55:27,019   INFO  cfg.MODEL.POST_PROCESSING.NMS_CONFIG.NMS_PRE_MAXSIZE: 4096
2021-05-07 05:55:27,019   INFO  cfg.MODEL.POST_PROCESSING.NMS_CONFIG.NMS_POST_MAXSIZE: 500
2021-05-07 05:55:27,019   INFO  
cfg.MODEL.LOSS = edict()
2021-05-07 05:55:27,019   INFO  cfg.MODEL.LOSS.DET_FLOW_WEIGHT: [1, 1]
2021-05-07 05:55:27,019   INFO  
cfg.OPTIMIZATION = edict()
2021-05-07 05:55:27,019   INFO  cfg.OPTIMIZATION.BATCH_SIZE_PER_GPU: 4
2021-05-07 05:55:27,019   INFO  cfg.OPTIMIZATION.NUM_EPOCHS: 100
2021-05-07 05:55:27,019   INFO  cfg.OPTIMIZATION.OPTIMIZER: adam_onecycle
2021-05-07 05:55:27,019   INFO  cfg.OPTIMIZATION.LR: 0.01
2021-05-07 05:55:27,019   INFO  cfg.OPTIMIZATION.WEIGHT_DECAY: 0.01
2021-05-07 05:55:27,019   INFO  cfg.OPTIMIZATION.MOMENTUM: 0.9
2021-05-07 05:55:27,019   INFO  cfg.OPTIMIZATION.MOMS: [0.95, 0.85]
2021-05-07 05:55:27,020   INFO  cfg.OPTIMIZATION.PCT_START: 0.4
2021-05-07 05:55:27,020   INFO  cfg.OPTIMIZATION.DIV_FACTOR: 10
2021-05-07 05:55:27,020   INFO  cfg.OPTIMIZATION.DECAY_STEP_LIST: [35, 45]
2021-05-07 05:55:27,020   INFO  cfg.OPTIMIZATION.LR_DECAY: 0.1
2021-05-07 05:55:27,020   INFO  cfg.OPTIMIZATION.LR_CLIP: 1e-07
2021-05-07 05:55:27,020   INFO  cfg.OPTIMIZATION.LR_WARMUP: False
2021-05-07 05:55:27,020   INFO  cfg.OPTIMIZATION.WARMUP_EPOCH: 1
2021-05-07 05:55:27,020   INFO  cfg.OPTIMIZATION.GRAD_NORM_CLIP: 10
2021-05-07 05:55:27,020   INFO  cfg.TAG: 3DSSD_DetTrack_openPCDet
2021-05-07 05:55:27,020   INFO  cfg.EXP_GROUP_PATH: kitti_models
2021-05-07 05:55:27,047   INFO  Loading KITTI dataset
{'DATASET': 'KittiTracking', 'DATA_PATH': '/dataset/kitti_tracking', 'ONLY_DET': False, 'POINT_CLOUD_RANGE': [0, -40, -3, 70.4, 40, 1], 'DATA_SPLIT': {'train': 'train', 'test': 'val'}, 'INFO_PATH': {'train': ['kitti_infos_train.pkl'], 'test': ['kitti_infos_val.pkl']}, 'FOV_POINTS_ONLY': False, 'DATA_AUGMENTOR': {'DISABLE_AUG_LIST': ['placeholder'], 'AUG_CONFIG_LIST': [{'NAME': 'random_world_flip', 'ALONG_AXIS_LIST': ['x']}, {'NAME': 'random_world_rotation', 'WORLD_ROT_ANGLE': [-0.78539816, 0.78539816]}, {'NAME': 'random_world_scaling', 'WORLD_SCALE_RANGE': [0.95, 1.05]}, {'NAME': 'boxes_dis', 'DIS_AUG_PROB': 0.5, 'MAX_DIS': 0.5}, {'NAME': 'boxes_rot', 'ROT_AUG_PROB': 0.5, 'MAX_ANGLE': 36}]}, 'POINT_FEATURE_ENCODING': {'encoding_type': 'absolute_coordinates_encoding', 'used_feature_list': ['x', 'y', 'z', 'intensity'], 'src_feature_list': ['x', 'y', 'z', 'intensity']}, 'DATA_PROCESSOR': [{'NAME': 'mask_points_and_boxes_outside_range', 'REMOVE_OUTSIDE_BOXES': True}, {'NAME': 'sample_points', 'NUM_POINTS': {'train': 16384, 'test': 16384}}, {'NAME': 'shuffle_points', 'SHUFFLE_ENABLED': {'train': True, 'test': False}}], '_BASE_CONFIG_': 'cfgs/dataset_configs/kitti_tracking_dataset.yaml'}
info_path: /dataset/kitti_tracking/kitti_infos_train.pkl
Traceback (most recent call last):
  File "train.py", line 225, in <module>
    main()
  File "train.py", line 119, in main
    total_epochs=args.epochs
  File "/data/SSDT/pcdet/datasets/__init__.py", line 53, in build_dataloader
    logger=logger,
  File "/data/SSDT/pcdet/datasets/kitti_tracking/kitti_tracking_dataset.py", line 52, in __init__
    self.include_kitti_data(self.mode)
  File "/data/SSDT/pcdet/datasets/kitti_tracking/kitti_tracking_dataset.py", line 79, in include_kitti_data
    infos = pickle.load(f)
ModuleNotFoundError: No module named 'utils'
